  ▲ Next.js 14.2.35
  - Local:        http://localhost:3001
  - Network:      http://0.0.0.0:3001

 ✓ Starting...
🔄 Starting database migrations...
⏭️  Skipping 001_initial_schema_baseline (already applied)
⏭️  Skipping 002_add_user_roles (already applied)
⏭️  Skipping 003_add_site_extensions (already applied)
⏭️  Skipping 004_create_folders_system (already applied)
⏭️  Skipping 005_migrate_existing_data (already applied)
⏭️  Skipping 006_drop_sessions_table (already applied)
⏭️  Skipping 007_create_backups_system (already applied)
⏭️  Skipping 008_create_dns_system (already applied)
⏭️  Skipping 009_add_container_positions (already applied)
⏭️  Skipping 010_add_nested_folders (already applied)
⏭️  Skipping 011_promote_admin_super_admin (already applied)
⏭️  Skipping 012_rename_admin_user (already applied)
⏭️  Skipping 013_add_container_tracking (already applied)
⏭️  Skipping 014_create_tokens (already applied)
✓ Database is up to date (no migrations needed)
🔄 Starting backup scheduler (checks every 5 minutes)...
🔄 Starting container monitor (checks every 2 minutes)...
 ✓ Ready in 549ms
User folder check complete: 2 OK, 0 failed
⏰ Running initial backup check...
⏰ Running initial container health check...
⏰ Checking for stopped containers...
⏰ Checking for stopped containers...
⏰ Checking for due backup jobs...
⏰ Checking for stopped containers...
⏰ Checking for stopped containers...
⏰ Checking for due backup jobs...
⏰ Checking for stopped containers...
⏰ Checking for stopped containers...
🔄 Starting database migrations...
⏭️  Skipping 001_initial_schema_baseline (already applied)
⏭️  Skipping 002_add_user_roles (already applied)
⏭️  Skipping 003_add_site_extensions (already applied)
⏭️  Skipping 004_create_folders_system (already applied)
⏭️  Skipping 005_migrate_existing_data (already applied)
⏭️  Skipping 006_drop_sessions_table (already applied)
⏭️  Skipping 007_create_backups_system (already applied)
⏭️  Skipping 008_create_dns_system (already applied)
⏭️  Skipping 009_add_container_positions (already applied)
⏭️  Skipping 010_add_nested_folders (already applied)
⏭️  Skipping 011_promote_admin_super_admin (already applied)
⏭️  Skipping 012_rename_admin_user (already applied)
⏭️  Skipping 013_add_container_tracking (already applied)
⏭️  Skipping 014_create_tokens (already applied)
✓ Database is up to date (no migrations needed)
[LOGIN] Request received
[LOGIN] Username: stella
[LOGIN] Looking up user: stella
[LOGIN] User found: stella role: user
[LOGIN] Verifying password
[LOGIN] Password verified successfully
[LOGIN] Creating session
User folder check complete: 2 OK, 0 failed
[LOGIN] Saving session
[LOGIN] Login successful for: stella
[LOGIN] Request received
[LOGIN] Username: superadmin
[LOGIN] Looking up user: superadmin
[LOGIN] User found: superadmin role: super_admin
[LOGIN] Verifying password
[LOGIN] Password verified successfully
[LOGIN] Creating session
[LOGIN] Saving session
[LOGIN] Login successful for: superadmin
⏰ Checking for stopped containers...
